2020-02-06 00:36:24  [ nioEventLoopGroup-1-0:16940 ] - [ ERROR ]  java.lang.RuntimeException: 无目录权限
2020-02-06 00:36:28  [ nioEventLoopGroup-1-1:20852 ] - [ ERROR ]  java.lang.RuntimeException: 无目录权限
2020-02-06 00:36:28  [ nioEventLoopGroup-1-2:21585 ] - [ ERROR ]  java.lang.RuntimeException: 无目录权限
2020-02-06 00:36:29  [ nioEventLoopGroup-1-3:22224 ] - [ ERROR ]  java.lang.RuntimeException: 无目录权限
2020-02-06 00:36:30  [ nioEventLoopGroup-1-6:23079 ] - [ ERROR ]  java.lang.RuntimeException: 无目录权限
2020-02-06 00:36:31  [ nioEventLoopGroup-1-5:23834 ] - [ ERROR ]  java.lang.RuntimeException: 无目录权限
2020-02-06 00:36:31  [ nioEventLoopGroup-1-8:24543 ] - [ ERROR ]  java.lang.RuntimeException: 无目录权限
2020-02-06 00:36:32  [ nioEventLoopGroup-1-9:25252 ] - [ ERROR ]  java.lang.RuntimeException: 无目录权限
2020-02-06 00:36:33  [ nioEventLoopGroup-1-8:25949 ] - [ ERROR ]  java.lang.RuntimeException: 无目录权限
2020-02-06 00:36:33  [ nioEventLoopGroup-1-0:26658 ] - [ ERROR ]  java.lang.RuntimeException: 无目录权限
2020-02-06 00:39:16  [ nioEventLoopGroup-1-7:189073 ] - [ ERROR ]  java.lang.RuntimeException: 无目录权限
2020-02-06 00:39:26  [ nioEventLoopGroup-1-2:199177 ] - [ ERROR ]  java.lang.RuntimeException: 无目录权限
2020-02-06 00:39:27  [ nioEventLoopGroup-1-9:200280 ] - [ ERROR ]  java.lang.RuntimeException: 无目录权限
2020-02-06 00:40:09  [ nioEventLoopGroup-1-4:242147 ] - [ ERROR ]  java.lang.RuntimeException: 无目录权限
2020-02-06 00:41:11  [ nioEventLoopGroup-1-0:17969 ] - [ ERROR ]  java.lang.RuntimeException: 无目录写入权限
2020-02-06 00:42:59  [ nioEventLoopGroup-1-0:36053 ] - [ ERROR ]  java.lang.RuntimeException: 无目录写入权限
2020-02-06 00:57:04  [ nioEventLoopGroup-1-0:69097 ] - [ ERROR ]  java.lang.RuntimeException: 无目录写入权限
2020-02-06 01:03:56  [ nioEventLoopGroup-1-0:96119 ] - [ ERROR ]  java.lang.RuntimeException: 无目录写入权限
2020-02-06 01:06:34  [ nioEventLoopGroup-1-0:35225 ] - [ ERROR ]  java.lang.RuntimeException: 无目录写入权限
2020-02-06 01:07:28  [ nioEventLoopGroup-1-0:30241 ] - [ ERROR ]  java.lang.RuntimeException: 无目录写入权限
2020-02-06 01:08:48  [ nioEventLoopGroup-1-4:70638 ] - [ ERROR ]  java.lang.RuntimeException: 无上传权限
2020-02-06 01:09:16  [ nioEventLoopGroup-1-7:98380 ] - [ ERROR ]  java.lang.RuntimeException: 无上传权限
2020-02-06 01:24:27  [ nioEventLoopGroup-1-5:398299 ] - [ ERROR ]  java.lang.RuntimeException: 无目录写入权限
2020-02-06 01:25:00  [ nioEventLoopGroup-1-1:431356 ] - [ ERROR ]  java.lang.RuntimeException: 无目录写入权限
2020-02-06 01:25:17  [ nioEventLoopGroup-1-0:448294 ] - [ ERROR ]  java.lang.RuntimeException: 无目录写入权限
2020-02-06 01:27:10  [ nioEventLoopGroup-1-0:76733 ] - [ ERROR ]  java.lang.RuntimeException: 无目录列表权限
2020-02-06 13:04:43  [ nioEventLoopGroup-1-2:253123 ] - [ ERROR ]  java.lang.RuntimeException: 远程出错:802.0 app验证失败，拒绝访问，原因：appid:gbera.netos 不存在
2020-02-06 13:04:48  [ nioEventLoopGroup-1-4:257395 ] - [ ERROR ]  java.lang.RuntimeException: 远程出错:802.0 app验证失败，拒绝访问，原因：appid:gbera.netos 不存在
2020-02-06 14:18:54  [ nioEventLoopGroup-1-1:9131 ] - [ ERROR ]  java.lang.RuntimeException: 远程出错:1012.0 验证失败，原因：令牌无效
2020-02-06 14:23:36  [ nioEventLoopGroup-1-0:7067 ] - [ ERROR ]  java.lang.RuntimeException: 远程出错:1032.0 登录失败，原因：账号不存在
2020-02-06 14:57:13  [ nioEventLoopGroup-1-0:4327 ] - [ ERROR ]  cj.studio.fs.indexer.AccessTokenExpiredException: pubTime=1.580970262294E12,expireTime=1000.0
